Install...
Check system version, OK.
MajorVersion =5,MinorVersion =1.
Identifier: x86 Family 6 Model 15 Stepping 2
Can't find substring 64, So this isn't a 64bit OS
OS Version: xp
Check system info, OK.
dwVersion = 0x5:1
Identifier: x86 Family 6 Model 15 Stepping 2
Can't find substring 64, So this isn't a 64bit OS
OS Version: xp
D:\Work\GSM\Huawei\Drivers\3.12\WinXP.
Remove sys file: C:\WINDOWS\system32\drivers\ewusbmdm.sys...
Remove ewusbmdm.sys file, err. errorcode: 2
Remove sys file: C:\WINDOWS\system32\drivers\ewdcsc.sys...
Remove ewdcsc.sys file, err. errorcode: 2
Remove sys file: C:\WINDOWS\system32\drivers\ewusbnet.sys...
Remove ewusbnet.sys file, err. errorcode: 2
Remove sys file: C:\WINDOWS\system32\drivers\mod7700.sys...
Remove mod7700.sys file, err. errorcode: 2
Remove sys file: C:\WINDOWS\system32\drivers\ewusbfake.sys...
Remove ewusbfake.sys file, err. errorcode: 2
Remove sys file: C:\WINDOWS\system32\drivers\ewusbdev.sys...
Remove ewusbdev.sys file, err. errorcode: 2
Remove sys file: C:\WINDOWS\system32\drivers\ew_usbenumfilter.sys...
Remove ew_usbenumfilter.sys file, err. errorcode: 2
Remove driver file, OK.
ComDB before install: 61 60 0 192 3 123 48 0 192 3
CoypInfFile....INFO: Copy inf file OK.
INFO: Copy inf file OK.
INFO: Copy inf file OK.
INFO: Copy inf file OK.
INFO: Copy inf file OK.
INFO: Copy sys file OK.
INFO: Copy sys file OK.
INFO: Copy sys file OK.
INFO: Copy sys file OK.
INF: Find device, ID: usb\vid_12d1&pid_1001&rev_0000...
This Device is present, don't remove!
INF: Find device, ID: usb\vid_12d1&pid_1001...
This Device is present, don't remove!
INF: Find device, ID: usb\vid_12d1&pid_1001&rev_0000&mi_00...
INF: SetupDiCallClassInstaller DIF_REMOVE SUC
INF: Find device, ID: usb\vid_12d1&pid_1001&mi_00...
ERR: SetupDiCallClassInstaller DIF_REMOVE error...  errorcode = 13
INF: Find device, ID: usb\vid_12d1&pid_1001&rev_0000&mi_01...
INF: SetupDiCallClassInstaller DIF_REMOVE SUC
INF: Find device, ID: usb\vid_12d1&pid_1001&mi_01...
ERR: SetupDiCallClassInstaller DIF_REMOVE error...  errorcode = 13
INF: Find device, ID: usb\vid_12d1&pid_1001&rev_0000&mi_02...
INF: SetupDiCallClassInstaller DIF_REMOVE SUC
INF: Find device, ID: usb\vid_12d1&pid_1001&mi_02...
ERR: SetupDiCallClassInstaller DIF_REMOVE error...  errorcode = 13
END: Remove device register Info, END...
Excute file: D:\Work\GSM\Huawei\Drivers\3.12\..\AutoRun\AutoRunSetup.exe
File not found, return.
SUC: end...
Install...
Check system version, OK.
MajorVersion =6,MinorVersion =1.
Identifier: Intel64 Family 6 Model 60 Stepping 3
Find substring 64, So this is a 64bit OS
OS Version: Win7 64
Check system info, OK.
dwVersion = 0x6:1
Identifier: Intel64 Family 6 Model 60 Stepping 3
Find substring 64, So this is a 64bit OS
OS Version: Win7 64
C:\Program Files (x86)\SipGsmGateway\huawei_driver\Win764.
Remove sys file: C:\Windows\system32\drivers\ewusbmdm.sys...
Remove ewusbmdm.sys file, err. errorcode: 2
Remove sys file: C:\Windows\system32\drivers\ewdcsc.sys...
Remove ewdcsc.sys file, err. errorcode: 2
Remove sys file: C:\Windows\system32\drivers\ewusbnet.sys...
Remove ewusbnet.sys file, err. errorcode: 2
Remove sys file: C:\Windows\system32\drivers\mod7700.sys...
Remove mod7700.sys file, err. errorcode: 2
Remove sys file: C:\Windows\system32\drivers\ewusbfake.sys...
Remove ewusbfake.sys file, err. errorcode: 2
Remove sys file: C:\Windows\system32\drivers\ewusbdev.sys...
Remove ewusbdev.sys file, err. errorcode: 2
Remove sys file: C:\Windows\system32\drivers\ew_usbenumfilter.sys...
Remove ew_usbenumfilter.sys file, err. errorcode: 2
Remove driver file, OK.
ComDB before install: 1 0 0 0 0 0 0 0 0 0
CoypInfFile....INFO: Copy inf file OK.
INFO: Copy inf file OK.
INFO: Copy inf file OK.
INFO: Copy inf file OK.
INFO: Copy inf file OK.
INFO: Copy sys file OK.
INFO: Copy sys file OK.
INFO: Copy sys file OK.
INFO: Copy sys file OK.
INF: Find device, ID: usb\vid_12d1&pid_1001&rev_0000&mi_00...
INF: SetupDiCallClassInstaller DIF_REMOVE SUC
INF: Find device, ID: usb\vid_12d1&pid_1001&mi_00...
ERR: SetupDiCallClassInstaller DIF_REMOVE error...  errorcode = -536870389
INF: Find device, ID: usb\vid_12d1&pid_1001&rev_0000&mi_01...
INF: SetupDiCallClassInstaller DIF_REMOVE SUC
INF: Find device, ID: usb\vid_12d1&pid_1001&mi_01...
ERR: SetupDiCallClassInstaller DIF_REMOVE error...  errorcode = -536870389
INF: Find device, ID: usb\vid_12d1&pid_1001&rev_0000&mi_02...
INF: SetupDiCallClassInstaller DIF_REMOVE SUC
INF: Find device, ID: usb\vid_12d1&pid_1001&mi_02...
ERR: SetupDiCallClassInstaller DIF_REMOVE error...  errorcode = -536870389
INF: Find device, ID: usb\vid_12d1&pid_1001&rev_0000...
This Device is present, don't remove!
INF: Find device, ID: usb\vid_12d1&pid_1001...
This Device is present, don't remove!
INF: Find device, ID: usb\vid_12d1&pid_1001&rev_0000&mi_00...
INF: SetupDiCallClassInstaller DIF_REMOVE SUC
INF: Find device, ID: usb\vid_12d1&pid_1001&mi_00...
ERR: SetupDiCallClassInstaller DIF_REMOVE error...  errorcode = -536870389
INF: Find device, ID: usb\vid_12d1&pid_1001&rev_0000...
INF: SetupDiCallClassInstaller DIF_REMOVE SUC
Can't find devnode's status, Delete this device
INF: Find device, ID: usb\vid_12d1&pid_1001...
ERR: SetupDiCallClassInstaller DIF_REMOVE error...  errorcode = -536870389
INF: Find device, ID: usb\vid_12d1&pid_1001&rev_0000&mi_01...
INF: SetupDiCallClassInstaller DIF_REMOVE SUC
INF: Find device, ID: usb\vid_12d1&pid_1001&mi_01...
ERR: SetupDiCallClassInstaller DIF_REMOVE error...  errorcode = -536870389
INF: Find device, ID: usb\vid_12d1&pid_1001&rev_0000&mi_00...
INF: SetupDiCallClassInstaller DIF_REMOVE SUC
INF: Find device, ID: usb\vid_12d1&pid_1001&mi_00...
ERR: SetupDiCallClassInstaller DIF_REMOVE error...  errorcode = -536870389
INF: Find device, ID: usb\vid_12d1&pid_1001&rev_0000&mi_02...
INF: SetupDiCallClassInstaller DIF_REMOVE SUC
INF: Find device, ID: usb\vid_12d1&pid_1001&mi_02...
ERR: SetupDiCallClassInstaller DIF_REMOVE error...  errorcode = -536870389
INF: Find device, ID: usb\vid_12d1&pid_1001&rev_0000&mi_01...
INF: SetupDiCallClassInstaller DIF_REMOVE SUC
INF: Find device, ID: usb\vid_12d1&pid_1001&mi_01...
ERR: SetupDiCallClassInstaller DIF_REMOVE error...  errorcode = -536870389
INF: Find device, ID: usb\vid_12d1&pid_1001&rev_0000&mi_02...
INF: SetupDiCallClassInstaller DIF_REMOVE SUC
INF: Find device, ID: usb\vid_12d1&pid_1001&mi_02...
ERR: SetupDiCallClassInstaller DIF_REMOVE error...  errorcode = -536870389
INF: Find device, ID: usb\vid_12d1&pid_1001&rev_0000...
INF: SetupDiCallClassInstaller DIF_REMOVE SUC
Can't find devnode's status, Delete this device
INF: Find device, ID: usb\vid_12d1&pid_1001...
ERR: SetupDiCallClassInstaller DIF_REMOVE error...  errorcode = -536870389
END: Remove device register Info, END...
Excute file: C:\Program Files (x86)\SipGsmGateway\huawei_driver\..\AutoRun\AutoRunSetup.exe
File not found, return.
SUC: end...
